2025-05-16 20:58:34 - Timer - INFO - 程序启动, 位置：C:\Code\PySide6\Timer
2025-05-16 20:58:34 - Timer - INFO - 数据库连接成功
2025-05-16 20:58:34 - Timer - INFO - 作息表加载完成，加载25条记录
2025-05-16 20:58:34 - Timer - INFO - 课程表加载完成, 加载23条记录
2025-05-16 20:58:34 - Timer - INFO - 倒数日加载完成, 加载2条记录
2025-05-16 20:58:34 - Timer - INFO - 数据加载完成
2025-05-16 20:58:34 - Timer - INFO - 数据库连接关闭
2025-05-16 20:58:34 - Timer - INFO - 获取当前作息条目
2025-05-16 20:58:34 - Timer - INFO - 更新作息: 2025-05-16 20:50 - 2025-05-16 21:00 课间休息
2025-05-16 20:58:34 - Timer - INFO - 获取当前课程条目
2025-05-16 20:58:34 - Timer - INFO - 更新课程: 2025-05-18 08:20 - 2025-05-18 09:00 星期日 上午第一节 高一3班物理
2025-05-16 20:58:34 - Timer - INFO - 更新日历显示：2025年05月
2025-05-16 20:58:34 - Timer - INFO - 获取倒数日表
2025-05-16 20:58:34 - Timer - INFO - 更新倒数日: 2025-06-07 高考
2025-05-16 20:58:34 - Timer - INFO - 更新倒数日: 2025-10-01 国庆
2025-05-16 21:00:00 - Timer - INFO - 获取当前作息条目
2025-05-16 21:00:00 - Timer - INFO - 更新作息: 2025-05-16 21:00 - 2025-05-16 21:40 晚上第三节
2025-05-16 21:00:00 - Timer - INFO - 更新作息: 2025-05-16 21:00 - 2025-05-16 21:40 晚上第三节
2025-05-16 21:00:00 - Timer - INFO - 更新课程: 2025-05-18 08:20 - 2025-05-18 09:00 星期日 上午第一节 高一3班物理
2025-05-23 08:54:22 - Timer - INFO - 程序启动, 位置：C:\Code\Timer
2025-05-23 08:54:22 - Timer - INFO - 数据库连接成功
2025-05-23 08:54:22 - Timer - INFO - 作息表加载完成，加载25条记录
2025-05-23 08:54:22 - Timer - INFO - 课程表加载完成, 加载23条记录
2025-05-23 08:54:22 - Timer - INFO - 倒数日加载完成, 加载3条记录
2025-05-23 08:54:22 - Timer - INFO - 数据加载完成
2025-05-23 08:54:22 - Timer - INFO - 数据库连接关闭
2025-05-23 08:54:22 - Timer - INFO - 获取当前作息条目
2025-05-23 08:54:22 - Timer - INFO - 更新作息: 2025-05-23 08:20 - 2025-05-23 09:00 上午第一节
2025-05-23 08:54:22 - Timer - INFO - 获取当前课程条目
2025-05-23 08:54:22 - Timer - INFO - 更新课程: 2025-05-23 09:10 - 2025-05-23 09:50 星期五 上午第二节 高一3班物理
2025-05-23 08:54:22 - Timer - INFO - 更新日历显示：2025年05月
2025-05-23 08:54:22 - Timer - INFO - 获取倒数日表
2025-05-23 08:54:22 - Timer - INFO - 更新倒数日: 2025-05-31 端午
2025-05-23 08:54:22 - Timer - INFO - 更新倒数日: 2025-06-07 高考
2025-05-23 08:54:22 - Timer - INFO - 更新倒数日: 2025-10-01 国庆
2025-05-23 08:56:05 - Timer - INFO - 程序启动, 位置：C:\Code\Timer
2025-05-23 08:56:05 - Timer - INFO - 数据库连接成功
2025-05-23 08:56:05 - Timer - INFO - 作息表加载完成，加载25条记录
2025-05-23 08:56:05 - Timer - INFO - 课程表加载完成, 加载23条记录
2025-05-23 08:56:05 - Timer - INFO - 倒数日加载完成, 加载3条记录
2025-05-23 08:56:05 - Timer - INFO - 数据加载完成
2025-05-23 08:56:05 - Timer - INFO - 数据库连接关闭
2025-05-23 08:56:05 - Timer - INFO - 获取当前作息条目
2025-05-23 08:56:05 - Timer - INFO - 更新作息: 2025-05-23 08:20 - 2025-05-23 09:00 上午第一节
2025-05-23 08:56:05 - Timer - INFO - 获取当前课程条目
2025-05-23 08:56:05 - Timer - INFO - 更新课程: 2025-05-23 09:10 - 2025-05-23 09:50 星期五 上午第二节 高一3班物理
2025-05-23 08:56:05 - Timer - INFO - 更新日历显示：2025年05月
2025-05-23 08:56:05 - Timer - INFO - 获取倒数日表
2025-05-23 08:56:05 - Timer - INFO - 更新倒数日: 2025-05-31 端午
2025-05-23 08:56:05 - Timer - INFO - 更新倒数日: 2025-06-07 高考
2025-05-23 08:56:05 - Timer - INFO - 更新倒数日: 2025-10-01 国庆
2025-05-23 08:57:03 - Timer - INFO - 程序启动, 位置：C:\Code\Timer
2025-05-23 08:57:03 - Timer - INFO - 数据库连接成功
2025-05-23 08:57:03 - Timer - INFO - 作息表加载完成，加载25条记录
2025-05-23 08:57:03 - Timer - INFO - 课程表加载完成, 加载23条记录
2025-05-23 08:57:03 - Timer - INFO - 倒数日加载完成, 加载3条记录
2025-05-23 08:57:03 - Timer - INFO - 数据加载完成
2025-05-23 08:57:03 - Timer - INFO - 数据库连接关闭
2025-05-23 08:57:03 - Timer - INFO - 获取当前作息条目
2025-05-23 08:57:03 - Timer - INFO - 更新作息: 2025-05-23 08:20 - 2025-05-23 09:00 上午第一节
2025-05-23 08:57:03 - Timer - INFO - 获取当前课程条目
2025-05-23 08:57:03 - Timer - INFO - 更新课程: 2025-05-23 09:10 - 2025-05-23 09:50 星期五 上午第二节 高一3班物理
2025-05-23 08:57:03 - Timer - INFO - 更新日历显示：2025年05月
2025-05-23 08:57:03 - Timer - INFO - 获取倒数日表
2025-05-23 08:57:03 - Timer - INFO - 更新倒数日: 2025-05-31 端午
2025-05-23 08:57:03 - Timer - INFO - 更新倒数日: 2025-06-07 高考
2025-05-23 08:57:03 - Timer - INFO - 更新倒数日: 2025-10-01 国庆
2025-05-23 08:58:19 - Timer - INFO - 程序启动, 位置：C:\Code\Timer
2025-05-23 08:58:19 - Timer - INFO - 数据库连接成功
2025-05-23 08:58:19 - Timer - INFO - 作息表加载完成，加载25条记录
2025-05-23 08:58:19 - Timer - INFO - 课程表加载完成, 加载23条记录
2025-05-23 08:58:19 - Timer - INFO - 倒数日加载完成, 加载3条记录
2025-05-23 08:58:19 - Timer - INFO - 数据加载完成
2025-05-23 08:58:19 - Timer - INFO - 数据库连接关闭
2025-05-23 08:58:19 - Timer - INFO - 获取当前作息条目
2025-05-23 08:58:19 - Timer - INFO - 更新作息: 2025-05-23 08:20 - 2025-05-23 09:00 上午第一节
2025-05-23 08:58:19 - Timer - INFO - 获取当前课程条目
2025-05-23 08:58:19 - Timer - INFO - 更新课程: 2025-05-23 09:10 - 2025-05-23 09:50 星期五 上午第二节 高一3班物理
2025-05-23 08:58:19 - Timer - INFO - 更新日历显示：2025年05月
2025-05-23 08:58:19 - Timer - INFO - 获取倒数日表
2025-05-23 08:58:19 - Timer - INFO - 更新倒数日: 2025-05-31 端午
2025-05-23 08:58:19 - Timer - INFO - 更新倒数日: 2025-06-07 高考
2025-05-23 08:58:19 - Timer - INFO - 更新倒数日: 2025-10-01 国庆
2025-05-23 08:59:43 - Timer - INFO - 程序启动, 位置：C:\Code\Timer
2025-05-23 08:59:43 - Timer - INFO - 数据库连接成功
2025-05-23 08:59:43 - Timer - INFO - 作息表加载完成，加载25条记录
2025-05-23 08:59:43 - Timer - INFO - 课程表加载完成, 加载23条记录
2025-05-23 08:59:43 - Timer - INFO - 倒数日加载完成, 加载3条记录
2025-05-23 08:59:43 - Timer - INFO - 数据加载完成
2025-05-23 08:59:43 - Timer - INFO - 数据库连接关闭
2025-05-23 08:59:43 - Timer - INFO - 获取当前作息条目
2025-05-23 08:59:43 - Timer - INFO - 更新作息: 2025-05-23 08:20 - 2025-05-23 09:00 上午第一节
2025-05-23 08:59:43 - Timer - INFO - 获取当前课程条目
2025-05-23 08:59:43 - Timer - INFO - 更新课程: 2025-05-23 09:10 - 2025-05-23 09:50 星期五 上午第二节 高一3班物理
2025-05-23 08:59:43 - Timer - INFO - 更新日历显示：2025年05月
2025-05-23 08:59:43 - Timer - INFO - 获取倒数日表
2025-05-23 08:59:43 - Timer - INFO - 更新倒数日: 2025-05-31 端午
2025-05-23 08:59:43 - Timer - INFO - 更新倒数日: 2025-06-07 高考
2025-05-23 08:59:43 - Timer - INFO - 更新倒数日: 2025-10-01 国庆
2025-05-23 09:02:20 - Timer - INFO - 程序启动, 位置：C:\Code\Timer
2025-05-23 09:02:20 - Timer - INFO - 数据库连接成功
2025-05-23 09:02:20 - Timer - INFO - 作息表加载完成，加载25条记录
2025-05-23 09:02:20 - Timer - INFO - 课程表加载完成, 加载23条记录
2025-05-23 09:02:20 - Timer - INFO - 倒数日加载完成, 加载3条记录
2025-05-23 09:02:20 - Timer - INFO - 数据加载完成
2025-05-23 09:02:20 - Timer - INFO - 数据库连接关闭
2025-05-23 09:02:20 - Timer - INFO - 获取当前作息条目
2025-05-23 09:02:20 - Timer - INFO - 更新作息: 2025-05-23 09:00 - 2025-05-23 09:10 课间休息
2025-05-23 09:02:20 - Timer - INFO - 获取当前课程条目
2025-05-23 09:02:20 - Timer - INFO - 更新课程: 2025-05-23 09:10 - 2025-05-23 09:50 星期五 上午第二节 高一3班物理
2025-05-23 09:02:20 - Timer - INFO - 更新日历显示：2025年05月
2025-05-23 09:02:20 - Timer - INFO - 获取倒数日表
2025-05-23 09:02:20 - Timer - INFO - 更新倒数日: 2025-05-31 端午
2025-05-23 09:02:20 - Timer - INFO - 更新倒数日: 2025-06-07 高考
2025-05-23 09:02:20 - Timer - INFO - 更新倒数日: 2025-10-01 国庆
2025-05-23 09:05:32 - Timer - INFO - 程序启动, 位置：C:\Code\Timer
2025-05-23 09:05:32 - Timer - INFO - 数据库连接成功
2025-05-23 09:05:32 - Timer - INFO - 作息表加载完成，加载25条记录
2025-05-23 09:05:32 - Timer - INFO - 课程表加载完成, 加载23条记录
2025-05-23 09:05:32 - Timer - INFO - 倒数日加载完成, 加载3条记录
2025-05-23 09:05:32 - Timer - INFO - 数据加载完成
2025-05-23 09:05:32 - Timer - INFO - 数据库连接关闭
2025-05-23 09:05:32 - Timer - INFO - 获取当前作息条目
2025-05-23 09:05:32 - Timer - INFO - 更新作息: 2025-05-23 09:00 - 2025-05-23 09:10 课间休息
2025-05-23 09:05:32 - Timer - INFO - 获取当前课程条目
2025-05-23 09:05:32 - Timer - INFO - 更新课程: 2025-05-23 09:10 - 2025-05-23 09:50 星期五 上午第二节 高一3班物理
2025-05-23 09:05:32 - Timer - INFO - 更新日历显示：2025年05月
2025-05-23 09:05:32 - Timer - INFO - 获取倒数日表
2025-05-23 09:05:32 - Timer - INFO - 更新倒数日: 2025-05-31 端午
2025-05-23 09:05:32 - Timer - INFO - 更新倒数日: 2025-06-07 高考
2025-05-23 09:05:32 - Timer - INFO - 更新倒数日: 2025-10-01 国庆
2025-05-23 09:07:00 - Timer - INFO - 启动提醒: PySide6.QtCore.QDateTime(2025, 5, 23, 9, 10, 0, 0, 0)
2025-05-23 09:55:06 - Timer - INFO - 程序启动, 位置：C:\Code\Timer
2025-05-23 09:55:06 - Timer - INFO - 数据库连接成功
2025-05-23 09:55:06 - Timer - INFO - 作息表加载完成，加载25条记录
2025-05-23 09:55:06 - Timer - INFO - 课程表加载完成, 加载23条记录
2025-05-23 09:55:06 - Timer - INFO - 倒数日加载完成, 加载3条记录
2025-05-23 09:55:06 - Timer - INFO - 数据加载完成
2025-05-23 09:55:06 - Timer - INFO - 数据库连接关闭
2025-05-23 09:55:06 - Timer - INFO - 获取当前作息条目
2025-05-23 09:55:06 - Timer - INFO - 更新作息: 2025-05-23 09:50 - 2025-05-23 10:20 课间休息
2025-05-23 09:55:06 - Timer - INFO - 获取当前课程条目
2025-05-23 09:55:06 - Timer - INFO - 更新课程: 2025-05-23 11:10 - 2025-05-23 11:50 星期五 上午第四节 高一7班物理
2025-05-23 09:55:06 - Timer - INFO - 更新日历显示：2025年05月
2025-05-23 09:55:06 - Timer - INFO - 获取倒数日表
2025-05-23 09:55:06 - Timer - INFO - 更新倒数日: 2025-05-31 端午
2025-05-23 09:55:06 - Timer - INFO - 更新倒数日: 2025-06-07 高考
2025-05-23 09:55:06 - Timer - INFO - 更新倒数日: 2025-10-01 国庆
2025-05-23 09:59:17 - Timer - INFO - 程序启动, 位置：C:\Code\Timer
2025-05-23 09:59:17 - Timer - INFO - 数据库连接成功
2025-05-23 09:59:17 - Timer - INFO - 作息表加载完成，加载25条记录
2025-05-23 09:59:17 - Timer - INFO - 课程表加载完成, 加载23条记录
2025-05-23 09:59:17 - Timer - INFO - 倒数日加载完成, 加载3条记录
2025-05-23 09:59:17 - Timer - INFO - 数据加载完成
2025-05-23 09:59:17 - Timer - INFO - 数据库连接关闭
2025-05-23 09:59:17 - Timer - INFO - 获取当前作息条目
2025-05-23 09:59:17 - Timer - INFO - 更新作息: 2025-05-23 09:50 - 2025-05-23 10:20 课间休息
2025-05-23 09:59:17 - Timer - INFO - 获取当前课程条目
2025-05-23 09:59:17 - Timer - INFO - 更新课程: 2025-05-23 11:10 - 2025-05-23 11:50 星期五 上午第四节 高一7班物理
2025-05-23 09:59:17 - Timer - INFO - 更新日历显示：2025年05月
2025-05-23 09:59:17 - Timer - INFO - 获取倒数日表
2025-05-23 09:59:17 - Timer - INFO - 更新倒数日: 2025-05-31 端午
2025-05-23 09:59:17 - Timer - INFO - 更新倒数日: 2025-06-07 高考
2025-05-23 09:59:17 - Timer - INFO - 更新倒数日: 2025-10-01 国庆
2025-05-23 09:59:27 - Timer - INFO - 更新日历显示：2025年06月
2025-05-23 09:59:29 - Timer - INFO - 更新日历显示：2025年05月
2025-05-23 10:56:33 - Timer - INFO - 程序启动, 位置：C:\Code\Timer
2025-05-23 10:56:33 - Timer - INFO - 数据库连接成功
2025-05-23 10:56:33 - Timer - INFO - 作息表加载完成，加载25条记录
2025-05-23 10:56:33 - Timer - INFO - 课程表加载完成, 加载23条记录
2025-05-23 10:56:33 - Timer - INFO - 倒数日加载完成, 加载3条记录
2025-05-23 10:56:33 - Timer - INFO - 数据加载完成
2025-05-23 10:56:33 - Timer - INFO - 数据库连接关闭
2025-05-23 10:56:33 - Timer - INFO - 获取当前作息条目
2025-05-23 10:56:33 - Timer - INFO - 更新作息: 2025-05-23 10:20 - 2025-05-23 11:00 上午第三节
2025-05-23 10:56:33 - Timer - INFO - 获取当前课程条目
2025-05-23 10:56:33 - Timer - INFO - 更新课程: 2025-05-23 11:10 - 2025-05-23 11:50 星期五 上午第四节 高一7班物理
2025-05-23 10:56:33 - Timer - INFO - 更新日历显示：2025年05月
2025-05-23 10:56:33 - Timer - INFO - 获取倒数日表
2025-05-23 10:56:33 - Timer - INFO - 更新倒数日: 2025-05-31 端午
2025-05-23 10:56:33 - Timer - INFO - 更新倒数日: 2025-06-07 高考
2025-05-23 10:56:33 - Timer - INFO - 更新倒数日: 2025-10-01 国庆
2025-05-23 10:56:47 - Timer - INFO - 程序退出
2025-05-23 10:57:54 - Timer - INFO - 程序启动, 位置：C:\Code\Timer
2025-05-23 10:57:54 - Timer - INFO - 数据库连接成功
2025-05-23 10:57:54 - Timer - INFO - 作息表加载完成，加载25条记录
2025-05-23 10:57:54 - Timer - INFO - 课程表加载完成, 加载23条记录
2025-05-23 10:57:54 - Timer - INFO - 倒数日加载完成, 加载3条记录
2025-05-23 10:57:54 - Timer - INFO - 数据加载完成
2025-05-23 10:57:54 - Timer - INFO - 数据库连接关闭
2025-05-23 10:57:54 - Timer - INFO - 获取当前作息条目
2025-05-23 10:57:54 - Timer - INFO - 更新作息: 2025-05-23 10:20 - 2025-05-23 11:00 上午第三节
2025-05-23 10:57:54 - Timer - INFO - 获取当前课程条目
2025-05-23 10:57:54 - Timer - INFO - 更新课程: 2025-05-23 11:10 - 2025-05-23 11:50 星期五 上午第四节 高一7班物理
2025-05-23 10:57:54 - Timer - INFO - 更新日历显示：2025年05月
2025-05-23 10:57:54 - Timer - INFO - 获取倒数日表
2025-05-23 10:57:54 - Timer - INFO - 更新倒数日: 2025-05-31 端午
2025-05-23 10:57:54 - Timer - INFO - 更新倒数日: 2025-06-07 高考
2025-05-23 10:57:54 - Timer - INFO - 更新倒数日: 2025-10-01 国庆
2025-05-23 11:00:00 - Timer - INFO - 获取当前作息条目
2025-05-23 11:00:00 - Timer - INFO - 更新作息: 2025-05-23 11:00 - 2025-05-23 11:10 课间休息
2025-05-23 11:02:13 - Timer - INFO - 程序启动, 位置：C:\Code\Timer
2025-05-23 11:02:13 - Timer - INFO - 数据库连接成功
2025-05-23 11:02:13 - Timer - INFO - 作息表加载完成，加载25条记录
2025-05-23 11:02:13 - Timer - INFO - 课程表加载完成, 加载23条记录
2025-05-23 11:02:13 - Timer - INFO - 倒数日加载完成, 加载3条记录
2025-05-23 11:02:13 - Timer - INFO - 数据加载完成
2025-05-23 11:02:13 - Timer - INFO - 数据库连接关闭
2025-05-23 11:02:13 - Timer - INFO - 获取当前作息条目
2025-05-23 11:02:13 - Timer - INFO - 更新作息: 2025-05-23 11:00 - 2025-05-23 11:10 课间休息
2025-05-23 11:02:13 - Timer - INFO - 获取当前课程条目
2025-05-23 11:02:13 - Timer - INFO - 更新课程: 2025-05-23 11:10 - 2025-05-23 11:50 星期五 上午第四节 高一7班物理
2025-05-23 11:02:13 - Timer - INFO - 更新日历显示：2025年05月
2025-05-23 11:02:13 - Timer - INFO - 获取倒数日表
2025-05-23 11:02:13 - Timer - INFO - 更新倒数日: 2025-05-31 端午
2025-05-23 11:02:13 - Timer - INFO - 更新倒数日: 2025-06-07 高考
2025-05-23 11:02:13 - Timer - INFO - 更新倒数日: 2025-10-01 国庆
2025-05-24 09:17:28 - Timer - INFO - 程序启动, 位置：C:\Code\PySide6\Timer
2025-05-24 09:17:28 - Timer - INFO - 数据库连接成功
2025-05-24 09:17:29 - Timer - INFO - 作息表加载完成，加载25条记录
2025-05-24 09:17:29 - Timer - INFO - 课程表加载完成, 加载23条记录
2025-05-24 09:17:29 - Timer - INFO - 倒数日加载完成, 加载3条记录
2025-05-24 09:17:29 - Timer - INFO - 数据加载完成
2025-05-24 09:17:29 - Timer - INFO - 数据库连接关闭
2025-05-24 09:17:29 - Timer - INFO - 获取当前作息条目
2025-05-24 09:17:29 - Timer - INFO - 更新作息: 2025-05-24 09:10 - 2025-05-24 09:50 上午第二节
2025-05-24 09:17:29 - Timer - INFO - 获取当前课程条目
2025-05-24 09:17:29 - Timer - INFO - 更新课程: 2025-05-25 08:20 - 2025-05-25 09:00 星期日 上午第一节 高一3班物理
2025-05-24 09:17:29 - Timer - INFO - 更新日历显示：2025年05月
2025-05-24 09:17:29 - Timer - INFO - 获取倒数日表
2025-05-24 09:17:29 - Timer - INFO - 更新倒数日: 2025-05-31 端午
2025-05-24 09:17:29 - Timer - INFO - 更新倒数日: 2025-06-07 高考
2025-05-24 09:17:29 - Timer - INFO - 更新倒数日: 2025-10-01 国庆
2025-05-24 09:20:33 - Timer - INFO - 程序启动, 位置：C:\Code\PySide6\Timer
2025-05-24 09:20:33 - Timer - INFO - 数据库连接成功
2025-05-24 09:20:33 - Timer - INFO - 作息表加载完成，加载25条记录
2025-05-24 09:20:33 - Timer - INFO - 课程表加载完成, 加载23条记录
2025-05-24 09:20:33 - Timer - INFO - 倒数日加载完成, 加载3条记录
2025-05-24 09:20:33 - Timer - INFO - 数据加载完成
2025-05-24 09:20:33 - Timer - INFO - 数据库连接关闭
2025-05-24 09:20:33 - Timer - INFO - 获取当前作息条目
2025-05-24 09:20:33 - Timer - INFO - 更新作息: 2025-05-24 09:10 - 2025-05-24 09:50 上午第二节
2025-05-24 09:20:33 - Timer - INFO - 获取当前课程条目
2025-05-24 09:20:33 - Timer - INFO - 更新课程: 2025-05-25 08:20 - 2025-05-25 09:00 星期日 上午第一节 高一3班物理
2025-05-24 09:20:33 - Timer - INFO - 更新日历显示：2025年05月
2025-05-24 09:20:33 - Timer - INFO - 获取倒数日表
2025-05-24 09:20:33 - Timer - INFO - 更新倒数日: 2025-05-31 端午
2025-05-24 09:20:33 - Timer - INFO - 更新倒数日: 2025-06-07 高考
2025-05-24 09:20:33 - Timer - INFO - 更新倒数日: 2025-10-01 国庆
2025-05-24 09:20:58 - Timer - INFO - 程序启动, 位置：C:\Code\PySide6\Timer
2025-05-24 09:20:58 - Timer - INFO - 数据库连接成功
2025-05-24 09:20:58 - Timer - INFO - 作息表加载完成，加载25条记录
2025-05-24 09:20:58 - Timer - INFO - 课程表加载完成, 加载23条记录
2025-05-24 09:20:58 - Timer - INFO - 倒数日加载完成, 加载3条记录
2025-05-24 09:20:58 - Timer - INFO - 数据加载完成
2025-05-24 09:20:58 - Timer - INFO - 数据库连接关闭
2025-05-24 09:20:58 - Timer - INFO - 获取当前作息条目
2025-05-24 09:20:58 - Timer - INFO - 更新作息: 2025-05-24 09:10 - 2025-05-24 09:50 上午第二节
2025-05-24 09:20:58 - Timer - INFO - 获取当前课程条目
2025-05-24 09:20:58 - Timer - INFO - 更新课程: 2025-05-25 08:20 - 2025-05-25 09:00 星期日 上午第一节 高一3班物理
2025-05-24 09:20:58 - Timer - INFO - 更新日历显示：2025年05月
2025-05-24 09:20:58 - Timer - INFO - 获取倒数日表
2025-05-24 09:20:58 - Timer - INFO - 更新倒数日: 2025-05-31 端午
2025-05-24 09:20:58 - Timer - INFO - 更新倒数日: 2025-06-07 高考
2025-05-24 09:20:58 - Timer - INFO - 更新倒数日: 2025-10-01 国庆
2025-05-24 09:25:16 - Timer - INFO - 程序启动, 位置：C:\Code\PySide6\Timer
2025-05-24 09:25:16 - Timer - INFO - 数据库连接成功
2025-05-24 09:25:16 - Timer - INFO - 作息表加载完成，加载25条记录
2025-05-24 09:25:16 - Timer - INFO - 课程表加载完成, 加载23条记录
2025-05-24 09:25:16 - Timer - INFO - 倒数日加载完成, 加载3条记录
2025-05-24 09:25:16 - Timer - INFO - 数据加载完成
2025-05-24 09:25:16 - Timer - INFO - 数据库连接关闭
2025-05-24 09:25:16 - Timer - INFO - 获取当前作息条目
2025-05-24 09:25:16 - Timer - INFO - 更新作息: 2025-05-24 09:10 - 2025-05-24 09:50 上午第二节
2025-05-24 09:25:16 - Timer - INFO - 获取当前课程条目
2025-05-24 09:25:16 - Timer - INFO - 更新课程: 2025-05-25 08:20 - 2025-05-25 09:00 星期日 上午第一节 高一3班物理
2025-05-24 09:25:16 - Timer - INFO - 更新日历显示：2025年05月
2025-05-24 09:25:16 - Timer - INFO - 获取倒数日表
2025-05-24 09:25:16 - Timer - INFO - 更新倒数日: 2025-05-31 端午
2025-05-24 09:25:16 - Timer - INFO - 更新倒数日: 2025-06-07 高考
2025-05-24 09:25:16 - Timer - INFO - 更新倒数日: 2025-10-01 国庆
2025-05-24 09:27:07 - Timer - INFO - 程序启动, 位置：C:\Code\PySide6\Timer
2025-05-24 09:27:07 - Timer - INFO - 数据库连接成功
2025-05-24 09:27:07 - Timer - INFO - 作息表加载完成，加载25条记录
2025-05-24 09:27:07 - Timer - INFO - 课程表加载完成, 加载23条记录
2025-05-24 09:27:07 - Timer - INFO - 倒数日加载完成, 加载3条记录
2025-05-24 09:27:07 - Timer - INFO - 数据加载完成
2025-05-24 09:27:07 - Timer - INFO - 数据库连接关闭
2025-05-24 09:27:07 - Timer - INFO - 获取当前作息条目
2025-05-24 09:27:07 - Timer - INFO - 更新作息: 2025-05-24 09:10 - 2025-05-24 09:50 上午第二节
2025-05-24 09:27:07 - Timer - INFO - 获取当前课程条目
2025-05-24 09:27:07 - Timer - INFO - 更新课程: 2025-05-25 08:20 - 2025-05-25 09:00 星期日 上午第一节 高一3班物理
2025-05-24 09:27:07 - Timer - INFO - 更新日历显示：2025年05月
2025-05-24 09:27:07 - Timer - INFO - 获取倒数日表
2025-05-24 09:27:07 - Timer - INFO - 更新倒数日: 2025-05-31 端午
2025-05-24 09:27:07 - Timer - INFO - 更新倒数日: 2025-06-07 高考
2025-05-24 09:27:07 - Timer - INFO - 更新倒数日: 2025-10-01 国庆
2025-05-24 09:27:57 - Timer - INFO - 程序启动, 位置：C:\Code\PySide6\Timer
2025-05-24 09:27:57 - Timer - INFO - 数据库连接成功
2025-05-24 09:27:57 - Timer - INFO - 作息表加载完成，加载25条记录
2025-05-24 09:27:57 - Timer - INFO - 课程表加载完成, 加载23条记录
2025-05-24 09:27:57 - Timer - INFO - 倒数日加载完成, 加载3条记录
2025-05-24 09:27:57 - Timer - INFO - 数据加载完成
2025-05-24 09:27:57 - Timer - INFO - 数据库连接关闭
2025-05-24 09:27:57 - Timer - INFO - 获取当前作息条目
2025-05-24 09:27:57 - Timer - INFO - 更新作息: 2025-05-24 09:10 - 2025-05-24 09:50 上午第二节
2025-05-24 09:27:57 - Timer - INFO - 获取当前课程条目
2025-05-24 09:27:57 - Timer - INFO - 更新课程: 2025-05-25 08:20 - 2025-05-25 09:00 星期日 上午第一节 高一3班物理
2025-05-24 09:27:57 - Timer - INFO - 更新日历显示：2025年05月
2025-05-24 09:27:57 - Timer - INFO - 获取倒数日表
2025-05-24 09:27:57 - Timer - INFO - 更新倒数日: 2025-05-31 端午
2025-05-24 09:27:57 - Timer - INFO - 更新倒数日: 2025-06-07 高考
2025-05-24 09:27:57 - Timer - INFO - 更新倒数日: 2025-10-01 国庆
2025-05-24 11:34:45 - Timer - INFO - 程序启动, 位置：C:\Code\PySide6\Timer
2025-05-24 11:34:45 - Timer - INFO - 数据库连接成功
2025-05-24 11:34:45 - Timer - INFO - 作息表加载完成，加载25条记录
2025-05-24 11:34:46 - Timer - INFO - 课程表加载完成, 加载23条记录
2025-05-24 11:34:46 - Timer - INFO - 倒数日加载完成, 加载3条记录
2025-05-24 11:34:46 - Timer - INFO - 数据加载完成
2025-05-24 11:34:46 - Timer - INFO - 数据库连接关闭
2025-05-24 11:34:46 - Timer - INFO - 获取当前作息条目
2025-05-24 11:34:46 - Timer - INFO - 更新作息: 2025-05-24 11:10 - 2025-05-24 11:50 上午第四节
2025-05-24 11:34:46 - Timer - INFO - 获取当前课程条目
2025-05-24 11:34:46 - Timer - INFO - 更新课程: 2025-05-25 08:20 - 2025-05-25 09:00 星期日 上午第一节 高一3班物理
2025-05-24 11:34:46 - Timer - INFO - 更新日历显示：2025年05月
2025-05-24 11:34:46 - Timer - INFO - 获取倒数日表
2025-05-24 11:34:46 - Timer - INFO - 更新倒数日: 2025-05-31 端午
2025-05-24 11:34:46 - Timer - INFO - 更新倒数日: 2025-06-07 高考
2025-05-24 11:34:46 - Timer - INFO - 更新倒数日: 2025-10-01 国庆
2025-05-24 12:01:17 - Timer - INFO - 程序启动, 位置：C:\Code\PySide6\Timer
2025-05-24 12:01:17 - Timer - INFO - 数据库连接成功
2025-05-24 12:01:17 - Timer - INFO - 作息表加载完成，加载25条记录
2025-05-24 12:01:17 - Timer - INFO - 课程表加载完成, 加载23条记录
2025-05-24 12:01:17 - Timer - INFO - 倒数日加载完成, 加载3条记录
2025-05-24 12:01:17 - Timer - INFO - 数据加载完成
2025-05-24 12:01:17 - Timer - INFO - 数据库连接关闭
2025-05-24 12:01:17 - Timer - INFO - 获取当前作息条目
2025-05-24 12:01:17 - Timer - INFO - 更新作息: 2025-05-24 11:50 - 2025-05-24 14:30 午休
2025-05-24 12:01:17 - Timer - INFO - 获取当前课程条目
2025-05-24 12:01:17 - Timer - INFO - 更新课程: 2025-05-25 08:20 - 2025-05-25 09:00 星期日 上午第一节 高一3班物理
2025-05-24 12:01:17 - Timer - INFO - 更新日历显示：2025年05月
2025-05-24 12:01:17 - Timer - INFO - 获取倒数日表
2025-05-24 12:01:17 - Timer - INFO - 更新倒数日: 2025-05-31 端午
2025-05-24 12:01:17 - Timer - INFO - 更新倒数日: 2025-06-07 高考
2025-05-24 12:01:17 - Timer - INFO - 更新倒数日: 2025-10-01 国庆
2025-05-24 12:30:57 - Timer - INFO - 程序启动, 位置：C:\Code\PySide6\Timer
2025-05-24 12:30:57 - Timer - INFO - 数据库连接成功
2025-05-24 12:30:57 - Timer - INFO - 作息表加载完成，加载25条记录
2025-05-24 12:30:57 - Timer - INFO - 课程表加载完成, 加载23条记录
2025-05-24 12:30:57 - Timer - INFO - 倒数日加载完成, 加载3条记录
2025-05-24 12:30:57 - Timer - INFO - 数据加载完成
2025-05-24 12:30:57 - Timer - INFO - 数据库连接关闭
2025-05-24 12:30:57 - Timer - INFO - 获取当前作息条目
2025-05-24 12:30:57 - Timer - INFO - 更新作息: 2025-05-24 11:50 - 2025-05-24 14:30 午休
2025-05-24 12:30:57 - Timer - INFO - 获取当前课程条目
2025-05-24 12:30:57 - Timer - INFO - 更新课程: 2025-05-25 08:20 - 2025-05-25 09:00 星期日 上午第一节 高一3班物理
2025-05-24 12:30:57 - Timer - INFO - 更新日历显示：2025年05月
2025-05-24 12:30:57 - Timer - INFO - 获取倒数日表
2025-05-24 12:30:57 - Timer - INFO - 更新倒数日: 2025-05-31 端午
2025-05-24 12:30:57 - Timer - INFO - 更新倒数日: 2025-06-07 高考
2025-05-24 12:30:57 - Timer - INFO - 更新倒数日: 2025-10-01 国庆
2025-05-24 12:31:25 - Timer - INFO - 程序启动, 位置：C:\Code\PySide6\Timer
2025-05-24 12:31:25 - Timer - INFO - 数据库连接成功
2025-05-24 12:31:25 - Timer - INFO - 作息表加载完成，加载25条记录
2025-05-24 12:31:26 - Timer - INFO - 课程表加载完成, 加载23条记录
2025-05-24 12:31:26 - Timer - INFO - 倒数日加载完成, 加载3条记录
2025-05-24 12:31:26 - Timer - INFO - 数据加载完成
2025-05-24 12:31:26 - Timer - INFO - 数据库连接关闭
2025-05-24 12:31:26 - Timer - INFO - 获取当前作息条目
2025-05-24 12:31:26 - Timer - INFO - 更新作息: 2025-05-24 11:50 - 2025-05-24 14:30 午休
2025-05-24 12:31:26 - Timer - INFO - 获取当前课程条目
2025-05-24 12:31:26 - Timer - INFO - 更新课程: 2025-05-25 08:20 - 2025-05-25 09:00 星期日 上午第一节 高一3班物理
2025-05-24 12:31:26 - Timer - INFO - 更新日历显示：2025年05月
2025-05-24 12:31:26 - Timer - INFO - 获取倒数日表
2025-05-24 12:31:26 - Timer - INFO - 更新倒数日: 2025-05-31 端午
2025-05-24 12:31:26 - Timer - INFO - 更新倒数日: 2025-06-07 高考
2025-05-24 12:31:26 - Timer - INFO - 更新倒数日: 2025-10-01 国庆
2025-05-24 12:31:54 - Timer - INFO - 程序启动, 位置：C:\Code\PySide6\Timer
2025-05-24 12:31:54 - Timer - INFO - 数据库连接成功
2025-05-24 12:31:54 - Timer - INFO - 作息表加载完成，加载25条记录
2025-05-24 12:31:54 - Timer - INFO - 课程表加载完成, 加载23条记录
2025-05-24 12:31:54 - Timer - INFO - 倒数日加载完成, 加载3条记录
2025-05-24 12:31:54 - Timer - INFO - 数据加载完成
2025-05-24 12:31:54 - Timer - INFO - 数据库连接关闭
2025-05-24 12:31:54 - Timer - INFO - 获取当前作息条目
2025-05-24 12:31:54 - Timer - INFO - 更新作息: 2025-05-24 11:50 - 2025-05-24 14:30 午休
2025-05-24 12:31:54 - Timer - INFO - 获取当前课程条目
2025-05-24 12:31:54 - Timer - INFO - 更新课程: 2025-05-25 08:20 - 2025-05-25 09:00 星期日 上午第一节 高一3班物理
2025-05-24 12:31:54 - Timer - INFO - 更新日历显示：2025年05月
2025-05-24 12:31:54 - Timer - INFO - 获取倒数日表
2025-05-24 12:31:54 - Timer - INFO - 更新倒数日: 2025-05-31 端午
2025-05-24 12:31:54 - Timer - INFO - 更新倒数日: 2025-06-07 高考
2025-05-24 12:31:54 - Timer - INFO - 更新倒数日: 2025-10-01 国庆
2025-05-24 12:33:02 - Timer - INFO - 程序启动, 位置：C:\Code\PySide6\Timer
2025-05-24 12:33:02 - Timer - INFO - 数据库连接成功
2025-05-24 12:33:02 - Timer - INFO - 作息表加载完成，加载25条记录
2025-05-24 12:33:02 - Timer - INFO - 课程表加载完成, 加载23条记录
2025-05-24 12:33:02 - Timer - INFO - 倒数日加载完成, 加载3条记录
2025-05-24 12:33:02 - Timer - INFO - 数据加载完成
2025-05-24 12:33:02 - Timer - INFO - 数据库连接关闭
2025-05-24 12:33:02 - Timer - INFO - 获取当前作息条目
2025-05-24 12:33:02 - Timer - INFO - 更新作息: 2025-05-24 11:50 - 2025-05-24 14:30 午休
2025-05-24 12:33:02 - Timer - INFO - 获取当前课程条目
2025-05-24 12:33:02 - Timer - INFO - 更新课程: 2025-05-25 08:20 - 2025-05-25 09:00 星期日 上午第一节 高一3班物理
2025-05-24 12:33:02 - Timer - INFO - 更新日历显示：2025年05月
2025-05-24 12:33:02 - Timer - INFO - 获取倒数日表
2025-05-24 12:33:02 - Timer - INFO - 更新倒数日: 2025-05-31 端午
2025-05-24 12:33:02 - Timer - INFO - 更新倒数日: 2025-06-07 高考
2025-05-24 12:33:02 - Timer - INFO - 更新倒数日: 2025-10-01 国庆
2025-05-24 12:36:22 - Timer - INFO - 程序启动, 位置：C:\Code\PySide6\Timer
2025-05-24 12:36:22 - Timer - INFO - 数据库连接成功
2025-05-24 12:36:22 - Timer - INFO - 作息表加载完成，加载25条记录
2025-05-24 12:36:22 - Timer - INFO - 课程表加载完成, 加载23条记录
2025-05-24 12:36:22 - Timer - INFO - 倒数日加载完成, 加载3条记录
2025-05-24 12:36:22 - Timer - INFO - 数据加载完成
2025-05-24 12:36:22 - Timer - INFO - 数据库连接关闭
2025-05-24 12:36:22 - Timer - INFO - 获取当前作息条目
2025-05-24 12:36:22 - Timer - INFO - 更新作息: 2025-05-24 11:50 - 2025-05-24 14:30 午休
2025-05-24 12:36:22 - Timer - INFO - 获取当前课程条目
2025-05-24 12:36:22 - Timer - INFO - 更新课程: 2025-05-25 08:20 - 2025-05-25 09:00 星期日 上午第一节 高一3班物理
2025-05-24 12:36:23 - Timer - INFO - 更新日历显示：2025年05月
2025-05-24 12:36:23 - Timer - INFO - 获取倒数日表
2025-05-24 12:36:23 - Timer - INFO - 更新倒数日: 2025-05-31 端午
2025-05-24 12:36:23 - Timer - INFO - 更新倒数日: 2025-06-07 高考
2025-05-24 12:36:23 - Timer - INFO - 更新倒数日: 2025-10-01 国庆
2025-05-24 12:36:45 - Timer - INFO - 程序启动, 位置：C:\Code\PySide6\Timer
2025-05-24 12:36:45 - Timer - INFO - 数据库连接成功
2025-05-24 12:36:45 - Timer - INFO - 作息表加载完成，加载25条记录
2025-05-24 12:36:45 - Timer - INFO - 课程表加载完成, 加载23条记录
2025-05-24 12:36:45 - Timer - INFO - 倒数日加载完成, 加载3条记录
2025-05-24 12:36:45 - Timer - INFO - 数据加载完成
2025-05-24 12:36:45 - Timer - INFO - 数据库连接关闭
2025-05-24 12:36:45 - Timer - INFO - 获取当前作息条目
2025-05-24 12:36:45 - Timer - INFO - 更新作息: 2025-05-24 11:50 - 2025-05-24 14:30 午休
2025-05-24 12:36:45 - Timer - INFO - 获取当前课程条目
2025-05-24 12:36:45 - Timer - INFO - 更新课程: 2025-05-25 08:20 - 2025-05-25 09:00 星期日 上午第一节 高一3班物理
2025-05-24 12:36:45 - Timer - INFO - 更新日历显示：2025年05月
2025-05-24 12:36:45 - Timer - INFO - 获取倒数日表
2025-05-24 12:36:45 - Timer - INFO - 更新倒数日: 2025-05-31 端午
2025-05-24 12:36:45 - Timer - INFO - 更新倒数日: 2025-06-07 高考
2025-05-24 12:36:45 - Timer - INFO - 更新倒数日: 2025-10-01 国庆
2025-05-24 12:36:59 - Timer - INFO - 程序启动, 位置：C:\Code\PySide6\Timer
2025-05-24 12:36:59 - Timer - INFO - 数据库连接成功
2025-05-24 12:36:59 - Timer - INFO - 作息表加载完成，加载25条记录
2025-05-24 12:36:59 - Timer - INFO - 课程表加载完成, 加载23条记录
2025-05-24 12:36:59 - Timer - INFO - 倒数日加载完成, 加载3条记录
2025-05-24 12:36:59 - Timer - INFO - 数据加载完成
2025-05-24 12:36:59 - Timer - INFO - 数据库连接关闭
2025-05-24 12:36:59 - Timer - INFO - 获取当前作息条目
2025-05-24 12:36:59 - Timer - INFO - 更新作息: 2025-05-24 11:50 - 2025-05-24 14:30 午休
2025-05-24 12:36:59 - Timer - INFO - 获取当前课程条目
2025-05-24 12:36:59 - Timer - INFO - 更新课程: 2025-05-25 08:20 - 2025-05-25 09:00 星期日 上午第一节 高一3班物理
2025-05-24 12:36:59 - Timer - INFO - 更新日历显示：2025年05月
2025-05-24 12:36:59 - Timer - INFO - 获取倒数日表
2025-05-24 12:36:59 - Timer - INFO - 更新倒数日: 2025-05-31 端午
2025-05-24 12:36:59 - Timer - INFO - 更新倒数日: 2025-06-07 高考
2025-05-24 12:36:59 - Timer - INFO - 更新倒数日: 2025-10-01 国庆
2025-05-24 12:49:01 - Timer - INFO - 程序启动, 位置：C:\Code\PySide6\Timer
2025-05-24 12:49:01 - Timer - INFO - 数据库连接成功
2025-05-24 12:49:01 - Timer - INFO - 作息表加载完成，加载25条记录
2025-05-24 12:49:01 - Timer - INFO - 课程表加载完成, 加载23条记录
2025-05-24 12:49:01 - Timer - INFO - 倒数日加载完成, 加载3条记录
2025-05-24 12:49:01 - Timer - INFO - 数据加载完成
2025-05-24 12:49:01 - Timer - INFO - 数据库连接关闭
2025-05-24 12:49:01 - Timer - INFO - 获取当前作息条目
2025-05-24 12:49:01 - Timer - INFO - 更新作息: 2025-05-24 11:50 - 2025-05-24 14:30 午休
2025-05-24 12:49:01 - Timer - INFO - 获取当前课程条目
2025-05-24 12:49:01 - Timer - INFO - 更新课程: 2025-05-25 08:20 - 2025-05-25 09:00 星期日 上午第一节 高一3班物理
2025-05-24 12:49:01 - Timer - INFO - 更新日历显示：2025年05月
2025-05-24 12:49:01 - Timer - INFO - 获取倒数日表
2025-05-24 12:49:01 - Timer - INFO - 更新倒数日: 2025-05-31 端午
2025-05-24 12:49:01 - Timer - INFO - 更新倒数日: 2025-06-07 高考
2025-05-24 12:49:01 - Timer - INFO - 更新倒数日: 2025-10-01 国庆
2025-05-24 12:59:15 - Timer - INFO - 程序启动, 位置：C:\Code\PySide6\Timer
2025-05-24 12:59:15 - Timer - INFO - 数据库连接成功
2025-05-24 12:59:15 - Timer - INFO - 作息表加载完成，加载25条记录
2025-05-24 12:59:15 - Timer - INFO - 课程表加载完成, 加载23条记录
2025-05-24 12:59:15 - Timer - INFO - 倒数日加载完成, 加载3条记录
2025-05-24 12:59:15 - Timer - INFO - 数据加载完成
2025-05-24 12:59:15 - Timer - INFO - 数据库连接关闭
2025-05-24 12:59:15 - Timer - INFO - 获取当前作息条目
2025-05-24 12:59:15 - Timer - INFO - 更新作息: 2025-05-24 11:50 - 2025-05-24 14:30 午休
2025-05-24 12:59:15 - Timer - INFO - 获取当前课程条目
2025-05-24 12:59:15 - Timer - INFO - 更新课程: 2025-05-25 08:20 - 2025-05-25 09:00 星期日 上午第一节 高一3班物理
2025-05-24 12:59:15 - Timer - INFO - 更新日历显示：2025年05月
2025-05-24 12:59:15 - Timer - INFO - 获取倒数日表
2025-05-24 12:59:15 - Timer - INFO - 更新倒数日: 2025-05-31 端午
2025-05-24 12:59:15 - Timer - INFO - 更新倒数日: 2025-06-07 高考
2025-05-24 12:59:15 - Timer - INFO - 更新倒数日: 2025-10-01 国庆
2025-05-24 13:28:50 - Timer - INFO - 程序启动, 位置：C:\Code\PySide6\Timer
2025-05-24 13:28:50 - Timer - INFO - 数据库连接成功
2025-05-24 13:28:50 - Timer - INFO - 作息表加载完成，加载25条记录
2025-05-24 13:28:50 - Timer - INFO - 课程表加载完成, 加载23条记录
2025-05-24 13:28:50 - Timer - INFO - 倒数日加载完成, 加载3条记录
2025-05-24 13:28:50 - Timer - INFO - 数据加载完成
2025-05-24 13:28:50 - Timer - INFO - 数据库连接关闭
2025-05-24 13:28:51 - Timer - INFO - 获取当前作息条目
2025-05-24 13:28:51 - Timer - INFO - 更新作息: 2025-05-24 11:50 - 2025-05-24 14:30 午休
2025-05-24 13:28:51 - Timer - INFO - 获取当前课程条目
2025-05-24 13:28:51 - Timer - INFO - 更新课程: 2025-05-25 08:20 - 2025-05-25 09:00 星期日 上午第一节 高一3班物理
2025-05-24 13:28:51 - Timer - INFO - 更新日历显示：2025年05月
2025-05-24 13:28:51 - Timer - INFO - 获取倒数日表
2025-05-24 13:28:51 - Timer - INFO - 更新倒数日: 2025-05-31 端午
2025-05-24 13:28:51 - Timer - INFO - 更新倒数日: 2025-06-07 高考
2025-05-24 13:28:51 - Timer - INFO - 更新倒数日: 2025-10-01 国庆
2025-05-24 13:37:00 - Timer - INFO - 程序启动, 位置：C:\Code\PySide6\Timer
2025-05-24 13:37:00 - Timer - INFO - 数据库连接成功
2025-05-24 13:37:00 - Timer - INFO - 作息表加载完成，加载25条记录
2025-05-24 13:37:00 - Timer - INFO - 课程表加载完成, 加载23条记录
2025-05-24 13:37:00 - Timer - INFO - 倒数日加载完成, 加载3条记录
2025-05-24 13:37:00 - Timer - INFO - 数据加载完成
2025-05-24 13:37:00 - Timer - INFO - 数据库连接关闭
2025-05-24 13:37:00 - Timer - INFO - 获取当前作息条目
2025-05-24 13:37:00 - Timer - INFO - 更新作息: 2025-05-24 11:50 - 2025-05-24 14:30 午休
2025-05-24 13:37:00 - Timer - INFO - 获取当前课程条目
2025-05-24 13:37:00 - Timer - INFO - 更新课程: 2025-05-25 08:20 - 2025-05-25 09:00 星期日 上午第一节 高一3班物理
2025-05-24 13:37:00 - Timer - INFO - 更新日历显示：2025年05月
2025-05-24 13:37:00 - Timer - INFO - 获取倒数日表
2025-05-24 13:37:00 - Timer - INFO - 更新倒数日: 2025-05-31 端午
2025-05-24 13:37:00 - Timer - INFO - 更新倒数日: 2025-06-07 高考
2025-05-24 13:37:00 - Timer - INFO - 更新倒数日: 2025-10-01 国庆
2025-05-24 13:37:48 - Timer - INFO - 程序启动, 位置：C:\Code\PySide6\Timer
2025-05-24 13:37:48 - Timer - INFO - 数据库连接成功
2025-05-24 13:37:48 - Timer - INFO - 作息表加载完成，加载25条记录
2025-05-24 13:37:48 - Timer - INFO - 课程表加载完成, 加载23条记录
2025-05-24 13:37:48 - Timer - INFO - 倒数日加载完成, 加载3条记录
2025-05-24 13:37:48 - Timer - INFO - 数据加载完成
2025-05-24 13:37:48 - Timer - INFO - 数据库连接关闭
2025-05-24 13:37:48 - Timer - INFO - 获取当前作息条目
2025-05-24 13:37:48 - Timer - INFO - 更新作息: 2025-05-24 11:50 - 2025-05-24 14:30 午休
2025-05-24 13:37:48 - Timer - INFO - 获取当前课程条目
2025-05-24 13:37:48 - Timer - INFO - 更新课程: 2025-05-25 08:20 - 2025-05-25 09:00 星期日 上午第一节 高一3班物理
2025-05-24 13:37:48 - Timer - INFO - 更新日历显示：2025年05月
2025-05-24 13:37:48 - Timer - INFO - 获取倒数日表
2025-05-24 13:37:48 - Timer - INFO - 更新倒数日: 2025-05-31 端午
2025-05-24 13:37:48 - Timer - INFO - 更新倒数日: 2025-06-07 高考
2025-05-24 13:37:48 - Timer - INFO - 更新倒数日: 2025-10-01 国庆
2025-05-24 15:52:11 - Timer - INFO - 程序启动, 位置：C:\Code\PySide6\Timer
2025-05-24 15:52:11 - Timer - INFO - 配置文件 C:\Code\PySide6\Timer\config.ini 加载成功
2025-05-24 15:52:11 - Timer - INFO - 数据库连接成功
2025-05-24 15:52:11 - Timer - INFO - 作息表加载完成，加载25条记录
2025-05-24 15:52:11 - Timer - INFO - 课程表加载完成, 加载23条记录
2025-05-24 15:52:11 - Timer - INFO - 倒数日加载完成, 加载3条记录
2025-05-24 15:52:11 - Timer - INFO - 数据加载完成
2025-05-24 15:52:11 - Timer - INFO - 数据库连接关闭
2025-05-24 15:52:11 - Timer - INFO - 获取当前作息条目
2025-05-24 15:52:11 - Timer - INFO - 更新作息: 2025-05-24 15:20 - 2025-05-24 16:00 下午第二节
2025-05-24 15:52:11 - Timer - INFO - 获取当前课程条目
2025-05-24 15:52:11 - Timer - INFO - 更新课程: 2025-05-25 08:20 - 2025-05-25 09:00 星期日 上午第一节 高一3班物理
2025-05-24 15:52:11 - Timer - INFO - 更新日历显示：2025年05月
2025-05-24 15:52:11 - Timer - INFO - 获取倒数日表
2025-05-24 15:52:11 - Timer - INFO - 更新倒数日: 2025-05-31 端午
2025-05-24 15:52:11 - Timer - INFO - 更新倒数日: 2025-06-07 高考
2025-05-24 15:52:11 - Timer - INFO - 更新倒数日: 2025-10-01 国庆
2025-05-24 15:53:04 - Timer - INFO - 程序启动, 位置：C:\Code\PySide6\Timer
2025-05-24 15:53:04 - Timer - INFO - 配置文件 C:\Code\PySide6\Timer\config.ini 加载成功
2025-05-24 15:53:04 - Timer - INFO - 数据库连接成功
2025-05-24 15:53:04 - Timer - INFO - 作息表加载完成，加载25条记录
2025-05-24 15:53:04 - Timer - INFO - 课程表加载完成, 加载23条记录
2025-05-24 15:53:04 - Timer - INFO - 倒数日加载完成, 加载3条记录
2025-05-24 15:53:04 - Timer - INFO - 数据加载完成
2025-05-24 15:53:04 - Timer - INFO - 数据库连接关闭
2025-05-24 15:53:04 - Timer - INFO - 获取当前作息条目
2025-05-24 15:53:04 - Timer - INFO - 更新作息: 2025-05-24 15:20 - 2025-05-24 16:00 下午第二节
2025-05-24 15:53:04 - Timer - INFO - 获取当前课程条目
2025-05-24 15:53:04 - Timer - INFO - 更新课程: 2025-05-25 08:20 - 2025-05-25 09:00 星期日 上午第一节 高一3班物理
2025-05-24 15:53:04 - Timer - INFO - 更新日历显示：2025年05月
2025-05-24 15:53:04 - Timer - INFO - 获取倒数日表
2025-05-24 15:53:04 - Timer - INFO - 更新倒数日: 2025-05-31 端午
2025-05-24 15:53:04 - Timer - INFO - 更新倒数日: 2025-06-07 高考
2025-05-24 15:53:04 - Timer - INFO - 更新倒数日: 2025-10-01 国庆
2025-05-24 15:54:39 - Timer - INFO - 程序启动, 位置：C:\Code\PySide6\Timer
2025-05-24 15:54:39 - Timer - INFO - 配置文件 C:\Code\PySide6\Timer\config.ini 加载成功
2025-05-24 15:54:39 - Timer - INFO - 数据库连接成功
2025-05-24 15:54:39 - Timer - INFO - 作息表加载完成，加载25条记录
2025-05-24 15:54:39 - Timer - INFO - 课程表加载完成, 加载23条记录
2025-05-24 15:54:39 - Timer - INFO - 倒数日加载完成, 加载3条记录
2025-05-24 15:54:39 - Timer - INFO - 数据加载完成
2025-05-24 15:54:39 - Timer - INFO - 数据库连接关闭
2025-05-24 15:54:39 - Timer - INFO - 获取当前作息条目
2025-05-24 15:54:39 - Timer - INFO - 更新作息: 2025-05-24 15:20 - 2025-05-24 16:00 下午第二节
2025-05-24 15:54:39 - Timer - INFO - 获取当前课程条目
2025-05-24 15:54:39 - Timer - INFO - 更新课程: 2025-05-25 08:20 - 2025-05-25 09:00 星期日 上午第一节 高一3班物理
2025-05-24 15:54:39 - Timer - INFO - 更新日历显示：2025年05月
2025-05-24 15:54:39 - Timer - INFO - 获取倒数日表
2025-05-24 15:54:39 - Timer - INFO - 更新倒数日: 2025-05-31 端午
2025-05-24 15:54:39 - Timer - INFO - 更新倒数日: 2025-06-07 高考
2025-05-24 15:54:39 - Timer - INFO - 更新倒数日: 2025-10-01 国庆
2025-05-24 15:56:27 - Timer - INFO - 程序启动, 位置：C:\Code\PySide6\Timer
2025-05-24 15:56:27 - Timer - INFO - 配置文件 C:\Code\PySide6\Timer\config.ini 加载成功
2025-05-24 15:56:27 - Timer - INFO - 数据库连接成功
2025-05-24 15:56:27 - Timer - INFO - 作息表加载完成，加载25条记录
2025-05-24 15:56:27 - Timer - INFO - 课程表加载完成, 加载23条记录
2025-05-24 15:56:27 - Timer - INFO - 倒数日加载完成, 加载3条记录
2025-05-24 15:56:27 - Timer - INFO - 数据加载完成
2025-05-24 15:56:27 - Timer - INFO - 数据库连接关闭
2025-05-24 15:56:27 - Timer - INFO - 获取当前作息条目
2025-05-24 15:56:27 - Timer - INFO - 更新作息: 2025-05-24 15:20 - 2025-05-24 16:00 下午第二节
2025-05-24 15:56:27 - Timer - INFO - 获取当前课程条目
2025-05-24 15:56:27 - Timer - INFO - 更新课程: 2025-05-25 08:20 - 2025-05-25 09:00 星期日 上午第一节 高一3班物理
2025-05-24 15:56:27 - Timer - INFO - 更新日历显示：2025年05月
2025-05-24 15:56:27 - Timer - INFO - 获取倒数日表
2025-05-24 15:56:27 - Timer - INFO - 更新倒数日: 2025-05-31 端午
2025-05-24 15:56:27 - Timer - INFO - 更新倒数日: 2025-06-07 高考
2025-05-24 15:56:27 - Timer - INFO - 更新倒数日: 2025-10-01 国庆
2025-05-24 16:00:44 - Timer - INFO - 程序启动, 位置：C:\Code\PySide6\Timer
2025-05-24 16:00:44 - Timer - INFO - 配置文件 C:\Code\PySide6\Timer\config.ini 加载成功
2025-05-24 16:00:44 - Timer - INFO - 数据库连接成功
2025-05-24 16:00:44 - Timer - INFO - 作息表加载完成，加载25条记录
2025-05-24 16:00:44 - Timer - INFO - 课程表加载完成, 加载23条记录
2025-05-24 16:00:44 - Timer - INFO - 倒数日加载完成, 加载3条记录
2025-05-24 16:00:44 - Timer - INFO - 数据加载完成
2025-05-24 16:00:44 - Timer - INFO - 数据库连接关闭
2025-05-24 16:00:44 - Timer - INFO - 获取当前作息条目
2025-05-24 16:00:44 - Timer - INFO - 更新作息: 2025-05-24 16:00 - 2025-05-24 16:10 课间休息
2025-05-24 16:00:44 - Timer - INFO - 获取当前课程条目
2025-05-24 16:00:44 - Timer - INFO - 更新课程: 2025-05-25 08:20 - 2025-05-25 09:00 星期日 上午第一节 高一3班物理
2025-05-24 16:00:44 - Timer - INFO - 更新日历显示：2025年05月
2025-05-24 16:00:44 - Timer - INFO - 获取倒数日表
2025-05-24 16:00:44 - Timer - INFO - 更新倒数日: 2025-05-31 端午
2025-05-24 16:00:44 - Timer - INFO - 更新倒数日: 2025-06-07 高考
2025-05-24 16:00:44 - Timer - INFO - 更新倒数日: 2025-10-01 国庆
